# JRE version: Java(TM) SE Runtime Environment (17.0.8+9) (build 17.0.8+9-LTS-211)
# Java VM: Java HotSpot(TM) 64-Bit Server VM (17.0.8+9-LTS-211, mixed mode, sharing, tiered, compressed oops, compressed class ptrs, g1 gc, bsd-aarch64)
GC Precious Log:
 CPUs: 8 total, 8 available
 Memory: 8192M
 Large Page Support: Disabled
 NUMA Support: Disabled
 Compressed Oops: Enabled (Zero based)
 Heap Region Size: 1M
 Heap Min Capacity: 8M
 Heap Initial Capacity: 128M
 Heap Max Capacity: 2G
 Pre-touch: Disabled
 Parallel Workers: 8
 Concurrent Workers: 2
 Concurrent Refinement Workers: 8
 Periodic GC: Disabled
Heap:
 garbage-first heap   total 235520K, used 69368K [0x0000000780000000, 0x0000000800000000)
  region size 1024K, 5 young (5120K), 1 survivors (1024K)
 Metaspace       used 30226K, committed 30720K, reserved 1114112K
  class space    used 3848K, committed 4096K, reserved 1048576K
GC Heap History (20 events):
Event: 0.543 GC heap before
{Heap before GC invocations=1 (full 0):
 garbage-first heap   total 133120K, used 43764K [0x0000000780000000, 0x0000000800000000)
  region size 1024K, 41 young (41984K), 3 survivors (3072K)
 Metaspace       used 15952K, committed 16256K, reserved 1114112K
  class space    used 2029K, committed 2176K, reserved 1048576K
}
Event: 0.546 GC heap after
{Heap after GC invocations=2 (full 0):
 garbage-first heap   total 133120K, used 7918K [0x0000000780000000, 0x0000000800000000)
  region size 1024K, 6 young (6144K), 6 survivors (6144K)
 Metaspace       used 15952K, committed 16256K, reserved 1114112K
  class space    used 2029K, committed 2176K, reserved 1048576K
}
Event: 0.751 GC heap before
{Heap before GC invocations=2 (full 0):
 garbage-first heap   total 133120K, used 36590K [0x0000000780000000, 0x0000000800000000)
  region size 1024K, 35 young (35840K), 6 survivors (6144K)
 Metaspace       used 21153K, committed 21504K, reserved 1114112K
  class space    used 2743K, committed 2944K, reserved 1048576K
}
Event: 0.755 GC heap after
{Heap after GC invocations=3 (full 0):
 garbage-first heap   total 133120K, used 9897K [0x0000000780000000, 0x0000000800000000)
  region size 1024K, 5 young (5120K), 5 survivors (5120K)
 Metaspace       used 21153K, committed 21504K, reserved 1114112K
  class space    used 2743K, committed 2944K, reserved 1048576K
}
Event: 0.908 GC heap before
{Heap before GC invocations=4 (full 0):
 garbage-first heap   total 40960K, used 29353K [0x0000000780000000, 0x0000000800000000)
  region size 1024K, 25 young (25600K), 5 survivors (5120K)
 Metaspace       used 25979K, committed 26368K, reserved 1114112K
  class space    used 3337K, committed 3520K, reserved 1048576K
}
Event: 0.910 GC heap after
{Heap after GC invocations=5 (full 0):
 garbage-first heap   total 40960K, used 12777K [0x0000000780000000, 0x0000000800000000)
  region size 1024K, 8 young (8192K), 8 survivors (8192K)
 Metaspace       used 25979K, committed 26368K, reserved 1114112K
  class space    used 3337K, committed 3520K, reserved 1048576K
}
Event: 0.915 GC heap before
{Heap before GC invocations=5 (full 0):
 garbage-first heap   total 40960K, used 13801K [0x0000000780000000, 0x0000000800000000)
  region size 1024K, 9 young (9216K), 8 survivors (8192K)
 Metaspace       used 26201K, committed 26560K, reserved 1114112K
  class space    used 3366K, committed 3520K, reserved 1048576K
}
Event: 0.918 GC heap after
{Heap after GC invocations=6 (full 0):
 garbage-first heap   total 40960K, used 13332K [0x0000000780000000, 0x0000000800000000)
  region size 1024K, 1 young (1024K), 1 survivors (1024K)
 Metaspace       used 26201K, committed 26560K, reserved 1114112K
  class space    used 3366K, committed 3520K, reserved 1048576K
}
Event: 73.333 GC heap before
{Heap before GC invocations=6 (full 0):
 garbage-first heap   total 40960K, used 28692K [0x0000000780000000, 0x0000000800000000)
  region size 1024K, 16 young (16384K), 1 survivors (1024K)
 Metaspace       used 30035K, committed 30528K, reserved 1114112K
  class space    used 3833K, committed 4096K, reserved 1048576K
}
Event: 73.335 GC heap after
{Heap after GC invocations=7 (full 0):
 garbage-first heap   total 81920K, used 14833K [0x0000000780000000, 0x0000000800000000)
  region size 1024K, 2 young (2048K), 2 survivors (2048K)
 Metaspace       used 30035K, committed 30528K, reserved 1114112K
  class space    used 3833K, committed 4096K, reserved 1048576K
}
Event: 73.392 GC heap before
{Heap before GC invocations=7 (full 0):
 garbage-first heap   total 81920K, used 61937K [0x0000000780000000, 0x0000000800000000)
  region size 1024K, 43 young (44032K), 2 survivors (2048K)
 Metaspace       used 30179K, committed 30656K, reserved 1114112K
  class space    used 3841K, committed 4096K, reserved 1048576K
}
Event: 73.399 GC heap after
{Heap after GC invocations=8 (full 0):
 garbage-first heap   total 87040K, used 40411K [0x0000000780000000, 0x0000000800000000)
  region size 1024K, 6 young (6144K), 6 survivors (6144K)
 Metaspace       used 30179K, committed 30656K, reserved 1114112K
  class space    used 3841K, committed 4096K, reserved 1048576K
}
Event: 73.411 GC heap before
{Heap before GC invocations=8 (full 0):
 garbage-first heap   total 87040K, used 59867K [0x0000000780000000, 0x0000000800000000)
  region size 1024K, 25 young (25600K), 6 survivors (6144K)
 Metaspace       used 30179K, committed 30656K, reserved 1114112K
  class space    used 3841K, committed 4096K, reserved 1048576K
}
Event: 73.416 GC heap after
{Heap after GC invocations=9 (full 0):
 garbage-first heap   total 87040K, used 51168K [0x0000000780000000, 0x0000000800000000)
  region size 1024K, 4 young (4096K), 4 survivors (4096K)
 Metaspace       used 30179K, committed 30656K, reserved 1114112K
  class space    used 3841K, committed 4096K, reserved 1048576K
}
Event: 73.422 GC heap before
{Heap before GC invocations=9 (full 0):
 garbage-first heap   total 87040K, used 63456K [0x0000000780000000, 0x0000000800000000)
  region size 1024K, 16 young (16384K), 4 survivors (4096K)
 Metaspace       used 30179K, committed 30656K, reserved 1114112K
  class space    used 3841K, committed 4096K, reserved 1048576K
}
Event: 73.425 GC heap after
{Heap after GC invocations=10 (full 0):
 garbage-first heap   total 87040K, used 58160K [0x0000000780000000, 0x0000000800000000)
  region size 1024K, 2 young (2048K), 2 survivors (2048K)
 Metaspace       used 30179K, committed 30656K, reserved 1114112K
  class space    used 3841K, committed 4096K, reserved 1048576K
}
Event: 73.428 GC heap before
{Heap before GC invocations=10 (full 0):
 garbage-first heap   total 87040K, used 66352K [0x0000000780000000, 0x0000000800000000)
  region size 1024K, 10 young (10240K), 2 survivors (2048K)
 Metaspace       used 30179K, committed 30656K, reserved 1114112K
  class space    used 3841K, committed 4096K, reserved 1048576K
}
Event: 73.430 GC heap after
{Heap after GC invocations=11 (full 0):
 garbage-first heap   total 87040K, used 63102K [0x0000000780000000, 0x0000000800000000)
  region size 1024K, 2 young (2048K), 2 survivors (2048K)
 Metaspace       used 30179K, committed 30656K, reserved 1114112K
  class space    used 3841K, committed 4096K, reserved 1048576K
}
Event: 73.432 GC heap before
{Heap before GC invocations=11 (full 0):
 garbage-first heap   total 87040K, used 68222K [0x0000000780000000, 0x0000000800000000)
  region size 1024K, 7 young (7168K), 2 survivors (2048K)
 Metaspace       used 30179K, committed 30656K, reserved 1114112K
  class space    used 3841K, committed 4096K, reserved 1048576K
}
Event: 73.434 GC heap after
{Heap after GC invocations=12 (full 0):
 garbage-first heap   total 240640K, used 66296K [0x0000000780000000, 0x0000000800000000)
  region size 1024K, 1 young (1024K), 1 survivors (1024K)
 Metaspace       used 30179K, committed 30656K, reserved 1114112K
  class space    used 3841K, committed 4096K, reserved 1048576K
}

